<?xml version="1.0" encoding="UTF-8"?>
<!-- Generated by org.testng.reporters.JUnitReportReporter -->
<testsuite hostname="LAPTOP-B1NEIEIF" failures="0" tests="1" name="mavenforjenkins.UITest" time="5.620" errors="0" timestamp="2024-01-22T16:47:14 IST" skipped="0">
  <testcase classname="mavenforjenkins.UITest" name="browsercheck" time="5.620"/>
  <system-out/>
</testsuite> <!-- mavenforjenkins.UITest -->
